{"C:\\git\\Brewery-Recommendations-Service\\src\\config\\config.ts": {"path":"C:\\git\\Brewery-Recommendations-Service\\src\\config\\config.ts","statementMap":{"0":{"start":{"line":1,"column":0},"end":{"line":1,"column":33}},"1":{"start":{"line":3,"column":0},"end":{"line":7,"column":3}},"2":{"start":{"line":9,"column":19},"end":{"line":9,"column":56}},"3":{"start":{"line":10,"column":24},"end":{"line":10,"column":78}},"4":{"start":{"line":11,"column":19},"end":{"line":11,"column":108}},"5":{"start":{"line":12,"column":13},"end":{"line":12,"column":39}},"6":{"start":{"line":20,"column":13},"end":{"line":25,"column":2}}},"fnMap":{},"branchMap":{"0":{"loc":{"start":{"line":5,"column":18},"end":{"line":5,"column":49}},"type":"binary-expr","locations":[{"start":{"line":5,"column":18},"end":{"line":5,"column":38}},{"start":{"line":5,"column":42},"end":{"line":5,"column":49}}]},"1":{"loc":{"start":{"line":9,"column":19},"end":{"line":9,"column":56}},"type":"binary-expr","locations":[{"start":{"line":9,"column":19},"end":{"line":9,"column":39}},{"start":{"line":9,"column":43},"end":{"line":9,"column":56}}]},"2":{"loc":{"start":{"line":10,"column":24},"end":{"line":10,"column":78}},"type":"cond-expr","locations":[{"start":{"line":10,"column":51},"end":{"line":10,"column":55}},{"start":{"line":10,"column":55},"end":{"line":10,"column":78}}]},"3":{"loc":{"start":{"line":10,"column":24},"end":{"line":10,"column":55}},"type":"binary-expr","locations":[{"start":{"line":10,"column":24},"end":{"line":10,"column":55}},{"start":{"line":10,"column":51},"end":{"line":10,"column":55}}]},"4":{"loc":{"start":{"line":11,"column":19},"end":{"line":11,"column":108}},"type":"cond-expr","locations":[{"start":{"line":11,"column":41},"end":{"line":11,"column":45}},{"start":{"line":11,"column":45},"end":{"line":11,"column":108}}]},"5":{"loc":{"start":{"line":11,"column":19},"end":{"line":11,"column":45}},"type":"binary-expr","locations":[{"start":{"line":11,"column":19},"end":{"line":11,"column":45}},{"start":{"line":11,"column":41},"end":{"line":11,"column":45}}]},"6":{"loc":{"start":{"line":12,"column":13},"end":{"line":12,"column":39}},"type":"cond-expr","locations":[{"start":{"line":12,"column":29},"end":{"line":12,"column":33}},{"start":{"line":12,"column":33},"end":{"line":12,"column":39}}]},"7":{"loc":{"start":{"line":12,"column":13},"end":{"line":12,"column":33}},"type":"binary-expr","locations":[{"start":{"line":12,"column":13},"end":{"line":12,"column":33}},{"start":{"line":12,"column":29},"end":{"line":12,"column":33}}]}},"s":{"0":4,"1":4,"2":4,"3":4,"4":4,"5":4,"6":4},"f":{},"b":{"0":[4,1],"1":[4,1],"2":[2,2],"3":[4,4],"4":[2,2],"5":[4,4],"6":[2,2],"7":[4,4]}}
,"C:\\git\\Brewery-Recommendations-Service\\src\\controllers\\recommendationsController.ts": {"path":"C:\\git\\Brewery-Recommendations-Service\\src\\controllers\\recommendationsController.ts","statementMap":{"0":{"start":{"line":2,"column":0},"end":{"line":2,"column":26}},"1":{"start":{"line":3,"column":0},"end":{"line":3,"column":42}},"2":{"start":{"line":20,"column":18},"end":{"line":20,"column":55}},"3":{"start":{"line":27,"column":2},"end":{"line":72,"column":3}},"4":{"start":{"line":28,"column":3},"end":{"line":60,"column":4}},"5":{"start":{"line":29,"column":25},"end":{"line":33,"column":6}},"6":{"start":{"line":34,"column":25},"end":{"line":34,"column":55}},"7":{"start":{"line":35,"column":30},"end":{"line":37,"column":null}},"8":{"start":{"line":39,"column":28},"end":{"line":41,"column":null}},"9":{"start":{"line":43,"column":4},"end":{"line":46,"column":7}},"10":{"start":{"line":48,"column":30},"end":{"line":51,"column":6}},"11":{"start":{"line":52,"column":35},"end":{"line":54,"column":null}},"12":{"start":{"line":56,"column":4},"end":{"line":59,"column":7}},"13":{"start":{"line":62,"column":3},"end":{"line":65,"column":5}},"14":{"start":{"line":66,"column":3},"end":{"line":71,"column":6}},"15":{"start":{"line":80,"column":2},"end":{"line":111,"column":3}},"16":{"start":{"line":81,"column":27},"end":{"line":83,"column":null}},"17":{"start":{"line":85,"column":26},"end":{"line":85,"column":59}},"18":{"start":{"line":86,"column":29},"end":{"line":88,"column":null}},"19":{"start":{"line":90,"column":27},"end":{"line":94,"column":null}},"20":{"start":{"line":93,"column":15},"end":{"line":93,"column":57}},"21":{"start":{"line":96,"column":3},"end":{"line":99,"column":6}},"22":{"start":{"line":101,"column":3},"end":{"line":104,"column":5}},"23":{"start":{"line":105,"column":3},"end":{"line":110,"column":6}},"24":{"start":{"line":118,"column":2},"end":{"line":132,"column":16}},"25":{"start":{"line":120,"column":24},"end":{"line":120,"column":47}},"26":{"start":{"line":121,"column":4},"end":{"line":129,"column":6}},"27":{"start":{"line":131,"column":19},"end":{"line":131,"column":52}},"28":{"start":{"line":19,"column":0},"end":{"line":19,"column":13}}},"fnMap":{"0":{"name":"(anonymous_8)","decl":{"start":{"line":19,"column":0},"end":{"line":19,"column":13}},"loc":{"start":{"line":19,"column":0},"end":{"line":134,"column":1}}},"1":{"name":"(anonymous_9)","decl":{"start":{"line":22,"column":7},"end":{"line":22,"column":25}},"loc":{"start":{"line":25,"column":20},"end":{"line":73,"column":null}}},"2":{"name":"(anonymous_11)","decl":{"start":{"line":75,"column":7},"end":{"line":75,"column":32}},"loc":{"start":{"line":78,"column":20},"end":{"line":112,"column":null}}},"3":{"name":"(anonymous_13)","decl":{"start":{"line":93,"column":5},"end":{"line":93,"column":6}},"loc":{"start":{"line":93,"column":15},"end":{"line":93,"column":57}}},"4":{"name":"(anonymous_14)","decl":{"start":{"line":114,"column":9},"end":{"line":114,"column":26}},"loc":{"start":{"line":116,"column":28},"end":{"line":133,"column":2}}},"5":{"name":"(anonymous_15)","decl":{"start":{"line":119,"column":11},"end":{"line":119,"column":12}},"loc":{"start":{"line":119,"column":20},"end":{"line":130,"column":4}}},"6":{"name":"(anonymous_16)","decl":{"start":{"line":131,"column":9},"end":{"line":131,"column":10}},"loc":{"start":{"line":131,"column":19},"end":{"line":131,"column":52}}}},"branchMap":{"0":{"loc":{"start":{"line":28,"column":3},"end":{"line":60,"column":4}},"type":"if","locations":[{"start":{"line":28,"column":3},"end":{"line":60,"column":4}},{"start":{"line":47,"column":10},"end":{"line":60,"column":4}}]},"1":{"loc":{"start":{"line":64,"column":4},"end":{"line":64,"column":41}},"type":"binary-expr","locations":[{"start":{"line":64,"column":4},"end":{"line":64,"column":24}},{"start":{"line":64,"column":28},"end":{"line":64,"column":41}}]},"2":{"loc":{"start":{"line":64,"column":4},"end":{"line":64,"column":24}},"type":"cond-expr","locations":[{"start":{"line":64,"column":18},"end":{"line":64,"column":20}},{"start":{"line":64,"column":18},"end":{"line":64,"column":24}}]},"3":{"loc":{"start":{"line":64,"column":4},"end":{"line":64,"column":20}},"type":"binary-expr","locations":[{"start":{"line":64,"column":4},"end":{"line":64,"column":20}},{"start":{"line":64,"column":18},"end":{"line":64,"column":20}}]},"4":{"loc":{"start":{"line":66,"column":14},"end":{"line":66,"column":43}},"type":"binary-expr","locations":[{"start":{"line":66,"column":14},"end":{"line":66,"column":36}},{"start":{"line":66,"column":40},"end":{"line":66,"column":43}}]},"5":{"loc":{"start":{"line":66,"column":14},"end":{"line":66,"column":36}},"type":"cond-expr","locations":[{"start":{"line":66,"column":28},"end":{"line":66,"column":30}},{"start":{"line":66,"column":28},"end":{"line":66,"column":36}}]},"6":{"loc":{"start":{"line":66,"column":14},"end":{"line":66,"column":30}},"type":"binary-expr","locations":[{"start":{"line":66,"column":14},"end":{"line":66,"column":30}},{"start":{"line":66,"column":28},"end":{"line":66,"column":30}}]},"7":{"loc":{"start":{"line":68,"column":5},"end":{"line":69,"column":37}},"type":"binary-expr","locations":[{"start":{"line":68,"column":5},"end":{"line":68,"column":34}},{"start":{"line":69,"column":5},"end":{"line":69,"column":37}}]},"8":{"loc":{"start":{"line":68,"column":5},"end":{"line":68,"column":34}},"type":"cond-expr","locations":[{"start":{"line":68,"column":25},"end":{"line":68,"column":27}},{"start":{"line":68,"column":25},"end":{"line":68,"column":34}}]},"9":{"loc":{"start":{"line":68,"column":5},"end":{"line":68,"column":27}},"type":"binary-expr","locations":[{"start":{"line":68,"column":5},"end":{"line":68,"column":27}},{"start":{"line":68,"column":25},"end":{"line":68,"column":27}}]},"10":{"loc":{"start":{"line":68,"column":5},"end":{"line":68,"column":25}},"type":"cond-expr","locations":[{"start":{"line":68,"column":19},"end":{"line":68,"column":21}},{"start":{"line":68,"column":19},"end":{"line":68,"column":25}}]},"11":{"loc":{"start":{"line":68,"column":5},"end":{"line":68,"column":21}},"type":"binary-expr","locations":[{"start":{"line":68,"column":5},"end":{"line":68,"column":21}},{"start":{"line":68,"column":19},"end":{"line":68,"column":21}}]},"12":{"loc":{"start":{"line":70,"column":11},"end":{"line":70,"column":56}},"type":"binary-expr","locations":[{"start":{"line":70,"column":11},"end":{"line":70,"column":39}},{"start":{"line":70,"column":43},"end":{"line":70,"column":56}}]},"13":{"loc":{"start":{"line":70,"column":11},"end":{"line":70,"column":39}},"type":"cond-expr","locations":[{"start":{"line":70,"column":31},"end":{"line":70,"column":33}},{"start":{"line":70,"column":31},"end":{"line":70,"column":39}}]},"14":{"loc":{"start":{"line":70,"column":11},"end":{"line":70,"column":33}},"type":"binary-expr","locations":[{"start":{"line":70,"column":11},"end":{"line":70,"column":33}},{"start":{"line":70,"column":31},"end":{"line":70,"column":33}}]},"15":{"loc":{"start":{"line":70,"column":11},"end":{"line":70,"column":31}},"type":"cond-expr","locations":[{"start":{"line":70,"column":25},"end":{"line":70,"column":27}},{"start":{"line":70,"column":25},"end":{"line":70,"column":31}}]},"16":{"loc":{"start":{"line":70,"column":11},"end":{"line":70,"column":27}},"type":"binary-expr","locations":[{"start":{"line":70,"column":11},"end":{"line":70,"column":27}},{"start":{"line":70,"column":25},"end":{"line":70,"column":27}}]},"17":{"loc":{"start":{"line":103,"column":4},"end":{"line":103,"column":41}},"type":"binary-expr","locations":[{"start":{"line":103,"column":4},"end":{"line":103,"column":24}},{"start":{"line":103,"column":28},"end":{"line":103,"column":41}}]},"18":{"loc":{"start":{"line":103,"column":4},"end":{"line":103,"column":24}},"type":"cond-expr","locations":[{"start":{"line":103,"column":18},"end":{"line":103,"column":20}},{"start":{"line":103,"column":18},"end":{"line":103,"column":24}}]},"19":{"loc":{"start":{"line":103,"column":4},"end":{"line":103,"column":20}},"type":"binary-expr","locations":[{"start":{"line":103,"column":4},"end":{"line":103,"column":20}},{"start":{"line":103,"column":18},"end":{"line":103,"column":20}}]},"20":{"loc":{"start":{"line":105,"column":14},"end":{"line":105,"column":43}},"type":"binary-expr","locations":[{"start":{"line":105,"column":14},"end":{"line":105,"column":36}},{"start":{"line":105,"column":40},"end":{"line":105,"column":43}}]},"21":{"loc":{"start":{"line":105,"column":14},"end":{"line":105,"column":36}},"type":"cond-expr","locations":[{"start":{"line":105,"column":28},"end":{"line":105,"column":30}},{"start":{"line":105,"column":28},"end":{"line":105,"column":36}}]},"22":{"loc":{"start":{"line":105,"column":14},"end":{"line":105,"column":30}},"type":"binary-expr","locations":[{"start":{"line":105,"column":14},"end":{"line":105,"column":30}},{"start":{"line":105,"column":28},"end":{"line":105,"column":30}}]},"23":{"loc":{"start":{"line":107,"column":5},"end":{"line":108,"column":37}},"type":"binary-expr","locations":[{"start":{"line":107,"column":5},"end":{"line":107,"column":34}},{"start":{"line":108,"column":5},"end":{"line":108,"column":37}}]},"24":{"loc":{"start":{"line":107,"column":5},"end":{"line":107,"column":34}},"type":"cond-expr","locations":[{"start":{"line":107,"column":25},"end":{"line":107,"column":27}},{"start":{"line":107,"column":25},"end":{"line":107,"column":34}}]},"25":{"loc":{"start":{"line":107,"column":5},"end":{"line":107,"column":27}},"type":"binary-expr","locations":[{"start":{"line":107,"column":5},"end":{"line":107,"column":27}},{"start":{"line":107,"column":25},"end":{"line":107,"column":27}}]},"26":{"loc":{"start":{"line":107,"column":5},"end":{"line":107,"column":25}},"type":"cond-expr","locations":[{"start":{"line":107,"column":19},"end":{"line":107,"column":21}},{"start":{"line":107,"column":19},"end":{"line":107,"column":25}}]},"27":{"loc":{"start":{"line":107,"column":5},"end":{"line":107,"column":21}},"type":"binary-expr","locations":[{"start":{"line":107,"column":5},"end":{"line":107,"column":21}},{"start":{"line":107,"column":19},"end":{"line":107,"column":21}}]},"28":{"loc":{"start":{"line":109,"column":11},"end":{"line":109,"column":56}},"type":"binary-expr","locations":[{"start":{"line":109,"column":11},"end":{"line":109,"column":39}},{"start":{"line":109,"column":43},"end":{"line":109,"column":56}}]},"29":{"loc":{"start":{"line":109,"column":11},"end":{"line":109,"column":39}},"type":"cond-expr","locations":[{"start":{"line":109,"column":31},"end":{"line":109,"column":33}},{"start":{"line":109,"column":31},"end":{"line":109,"column":39}}]},"30":{"loc":{"start":{"line":109,"column":11},"end":{"line":109,"column":33}},"type":"binary-expr","locations":[{"start":{"line":109,"column":11},"end":{"line":109,"column":33}},{"start":{"line":109,"column":31},"end":{"line":109,"column":33}}]},"31":{"loc":{"start":{"line":109,"column":11},"end":{"line":109,"column":31}},"type":"cond-expr","locations":[{"start":{"line":109,"column":25},"end":{"line":109,"column":27}},{"start":{"line":109,"column":25},"end":{"line":109,"column":31}}]},"32":{"loc":{"start":{"line":109,"column":11},"end":{"line":109,"column":27}},"type":"binary-expr","locations":[{"start":{"line":109,"column":11},"end":{"line":109,"column":27}},{"start":{"line":109,"column":25},"end":{"line":109,"column":27}}]},"33":{"loc":{"start":{"line":120,"column":24},"end":{"line":120,"column":47}},"type":"binary-expr","locations":[{"start":{"line":120,"column":24},"end":{"line":120,"column":41}},{"start":{"line":120,"column":45},"end":{"line":120,"column":47}}]},"34":{"loc":{"start":{"line":122,"column":5},"end":{"line":128,"column":57}},"type":"binary-expr","locations":[{"start":{"line":122,"column":6},"end":{"line":122,"column":32}},{"start":{"line":123,"column":6},"end":{"line":124,"column":33}},{"start":{"line":125,"column":6},"end":{"line":125,"column":28}},{"start":{"line":126,"column":6},"end":{"line":126,"column":54}},{"start":{"line":127,"column":6},"end":{"line":127,"column":29}},{"start":{"line":128,"column":6},"end":{"line":128,"column":56}}]}},"s":{"0":1,"1":1,"2":10,"3":6,"4":6,"5":4,"6":2,"7":2,"8":1,"9":1,"10":2,"11":1,"12":1,"13":4,"14":4,"15":4,"16":4,"17":2,"18":2,"19":1,"20":3,"21":1,"22":3,"23":3,"24":2,"25":5,"26":5,"27":1,"28":1},"f":{"0":10,"1":6,"2":4,"3":3,"4":2,"5":5,"6":1},"b":{"0":[4,2],"1":[4,2],"2":[2,2],"3":[4,4],"4":[4,2],"5":[2,2],"6":[4,4],"7":[4,3],"8":[2,2],"9":[4,4],"10":[2,2],"11":[4,4],"12":[4,3],"13":[2,2],"14":[4,4],"15":[2,2],"16":[4,4],"17":[3,1],"18":[1,2],"19":[3,3],"20":[3,1],"21":[1,2],"22":[3,3],"23":[3,2],"24":[1,2],"25":[3,3],"26":[1,2],"27":[3,3],"28":[3,2],"29":[1,2],"30":[3,3],"31":[1,2],"32":[3,3],"33":[5,0],"34":[5,5,2,1,2,0]}}
}
