TN:
SF:src\config\config.ts
FNF:0
FNH:0
DA:1,4
DA:3,4
DA:9,4
DA:10,4
DA:11,4
DA:12,4
DA:20,4
LF:7
LH:7
BRDA:5,0,0,4
BRDA:5,0,1,1
BRDA:9,1,0,4
BRDA:9,1,1,1
BRDA:10,2,0,2
BRDA:10,2,1,2
BRDA:10,3,0,4
BRDA:10,3,1,4
BRDA:11,4,0,2
BRDA:11,4,1,2
BRDA:11,5,0,4
BRDA:11,5,1,4
BRDA:12,6,0,2
BRDA:12,6,1,2
BRDA:12,7,0,4
BRDA:12,7,1,4
BRF:16
BRH:16
end_of_record
TN:
SF:src\controllers\recommendationsController.ts
FN:19,(anonymous_8)
FN:22,(anonymous_9)
FN:75,(anonymous_11)
FN:93,(anonymous_13)
FN:114,(anonymous_14)
FN:119,(anonymous_15)
FN:131,(anonymous_16)
FNF:7
FNH:7
FNDA:10,(anonymous_8)
FNDA:6,(anonymous_9)
FNDA:4,(anonymous_11)
FNDA:3,(anonymous_13)
FNDA:2,(anonymous_14)
FNDA:5,(anonymous_15)
FNDA:1,(anonymous_16)
DA:2,1
DA:3,1
DA:19,1
DA:20,10
DA:27,6
DA:28,6
DA:29,4
DA:34,2
DA:35,2
DA:39,1
DA:43,1
DA:48,2
DA:52,1
DA:56,1
DA:62,4
DA:66,4
DA:80,4
DA:81,4
DA:85,2
DA:86,2
DA:90,1
DA:93,3
DA:96,1
DA:101,3
DA:105,3
DA:118,2
DA:120,5
DA:121,5
DA:131,1
LF:29
LH:29
BRDA:28,0,0,4
BRDA:28,0,1,2
BRDA:64,1,0,4
BRDA:64,1,1,2
BRDA:64,2,0,2
BRDA:64,2,1,2
BRDA:64,3,0,4
BRDA:64,3,1,4
BRDA:66,4,0,4
BRDA:66,4,1,2
BRDA:66,5,0,2
BRDA:66,5,1,2
BRDA:66,6,0,4
BRDA:66,6,1,4
BRDA:68,7,0,4
BRDA:68,7,1,3
BRDA:68,8,0,2
BRDA:68,8,1,2
BRDA:68,9,0,4
BRDA:68,9,1,4
BRDA:68,10,0,2
BRDA:68,10,1,2
BRDA:68,11,0,4
BRDA:68,11,1,4
BRDA:70,12,0,4
BRDA:70,12,1,3
BRDA:70,13,0,2
BRDA:70,13,1,2
BRDA:70,14,0,4
BRDA:70,14,1,4
BRDA:70,15,0,2
BRDA:70,15,1,2
BRDA:70,16,0,4
BRDA:70,16,1,4
BRDA:103,17,0,3
BRDA:103,17,1,1
BRDA:103,18,0,1
BRDA:103,18,1,2
BRDA:103,19,0,3
BRDA:103,19,1,3
BRDA:105,20,0,3
BRDA:105,20,1,1
BRDA:105,21,0,1
BRDA:105,21,1,2
BRDA:105,22,0,3
BRDA:105,22,1,3
BRDA:107,23,0,3
BRDA:107,23,1,2
BRDA:107,24,0,1
BRDA:107,24,1,2
BRDA:107,25,0,3
BRDA:107,25,1,3
BRDA:107,26,0,1
BRDA:107,26,1,2
BRDA:107,27,0,3
BRDA:107,27,1,3
BRDA:109,28,0,3
BRDA:109,28,1,2
BRDA:109,29,0,1
BRDA:109,29,1,2
BRDA:109,30,0,3
BRDA:109,30,1,3
BRDA:109,31,0,1
BRDA:109,31,1,2
BRDA:109,32,0,3
BRDA:109,32,1,3
BRDA:120,33,0,5
BRDA:120,33,1,0
BRDA:122,34,0,5
BRDA:122,34,1,5
BRDA:122,34,2,2
BRDA:122,34,3,1
BRDA:122,34,4,2
BRDA:122,34,5,0
BRF:74
BRH:72
end_of_record
